SF:/Users/bilalislam/microservices/MessagingService/src/MessageService.Api/Domain/Entities/Activity.cs
FN:10,System.String MessageService.Api.Activity::get_Id()
FNDA:0,System.String MessageService.Api.Activity::get_Id()
DA:11,0
FN:12,System.String MessageService.Api.Activity::get_Email()
FNDA:0,System.String MessageService.Api.Activity::get_Email()
DA:13,0
FN:14,System.String MessageService.Api.Activity::get_Event()
FNDA:0,System.String MessageService.Api.Activity::get_Event()
DA:15,0
FN:15,System.DateTime MessageService.Api.Activity::get_EventOn()
FNDA:0,System.DateTime MessageService.Api.Activity::get_EventOn()
DA:16,0
FN:40,MessageService.Api.Activity MessageService.Api.Activity::Load(MessageService.Api.ActivityCommand)
FNDA:0,MessageService.Api.Activity MessageService.Api.Activity::Load(MessageService.Api.ActivityCommand)
DA:41,0
DA:42,0
DA:43,0
DA:44,0
DA:46,0
DA:47,0
DA:48,0
DA:50,0
DA:51,0
DA:52,0
DA:54,0
DA:55,0
DA:56,0
FN:58,MessageService.Api.Activity MessageService.Api.Activity::SetEventDate()
FNDA:0,MessageService.Api.Activity MessageService.Api.Activity::SetEventDate()
DA:59,0
DA:60,0
DA:61,0
DA:62,0
FN:24,System.Void MessageService.Api.Activity::.ctor(System.String,System.String,System.String,System.DateTime)
FNDA:0,System.Void MessageService.Api.Activity::.ctor(System.String,System.String,System.String,System.DateTime)
DA:25,0
DA:26,0
DA:27,0
DA:28,0
DA:29,0
DA:30,0
DA:31,0
FN:32,System.Void MessageService.Api.Activity::.ctor(System.String,System.String,System.String)
FNDA:0,System.Void MessageService.Api.Activity::.ctor(System.String,System.String,System.String)
DA:33,0
DA:34,0
DA:35,0
DA:36,0
DA:37,0
DA:38,0
LF:34
LH:0
BRF:0
BRH:0
FNF:8
FNH:0
end_of_record
SF:/Users/bilalislam/microservices/MessagingService/src/MessageService.Api/Domain/Entities/BlockUser.cs
FN:10,System.String MessageService.Api.BlockUser::get_Id()
FNDA:0,System.String MessageService.Api.BlockUser::get_Id()
DA:11,0
FN:12,System.String MessageService.Api.BlockUser::get_From()
FNDA:0,System.String MessageService.Api.BlockUser::get_From()
DA:13,0
FN:13,System.String MessageService.Api.BlockUser::get_To()
FNDA:0,System.String MessageService.Api.BlockUser::get_To()
DA:14,0
FN:14,System.DateTime MessageService.Api.BlockUser::get_EventOn()
FNDA:0,System.DateTime MessageService.Api.BlockUser::get_EventOn()
DA:15,0
FN:40,MessageService.Api.BlockUser MessageService.Api.BlockUser::Load(MessageService.Api.BlockUserCommand)
FNDA:0,MessageService.Api.BlockUser MessageService.Api.BlockUser::Load(MessageService.Api.BlockUserCommand)
DA:41,0
DA:42,0
DA:43,0
DA:44,0
DA:46,0
DA:47,0
DA:48,0
DA:49,0
DA:51,0
DA:52,0
DA:53,0
DA:54,0
DA:56,0
DA:57,0
DA:58,0
DA:59,0
DA:62,0
DA:63,0
FN:23,System.Void MessageService.Api.BlockUser::.ctor(System.String,System.String,System.String,System.DateTime)
FNDA:0,System.Void MessageService.Api.BlockUser::.ctor(System.String,System.String,System.String,System.DateTime)
DA:24,0
DA:25,0
DA:26,0
DA:27,0
DA:28,0
DA:29,0
DA:30,0
FN:31,System.Void MessageService.Api.BlockUser::.ctor(System.String,System.String)
FNDA:0,System.Void MessageService.Api.BlockUser::.ctor(System.String,System.String)
DA:32,0
DA:33,0
DA:34,0
DA:35,0
DA:36,0
DA:37,0
DA:38,0
LF:36
LH:0
BRF:0
BRH:0
FNF:7
FNH:0
end_of_record
SF:/Users/bilalislam/microservices/MessagingService/src/MessageService.Api/Domain/Entities/Message.cs
FN:10,System.String MessageService.Api.Message::get_Id()
FNDA:0,System.String MessageService.Api.Message::get_Id()
DA:11,0
FN:11,System.String MessageService.Api.Message::get_From()
FNDA:0,System.String MessageService.Api.Message::get_From()
DA:12,0
FN:12,System.String MessageService.Api.Message::get_To()
FNDA:0,System.String MessageService.Api.Message::get_To()
DA:13,0
FN:13,System.String MessageService.Api.Message::get_Msg()
FNDA:0,System.String MessageService.Api.Message::get_Msg()
DA:14,0
FN:14,System.DateTime MessageService.Api.Message::get_EventOn()
FNDA:0,System.DateTime MessageService.Api.Message::get_EventOn()
DA:15,0
FN:34,MessageService.Api.Message MessageService.Api.Message::SetTo(System.String)
FNDA:0,MessageService.Api.Message MessageService.Api.Message::SetTo(System.String)
DA:35,0
DA:36,0
DA:37,0
FN:53,MessageService.Api.Message MessageService.Api.Message::Load(MessageService.Api.SendCommand)
FNDA:0,MessageService.Api.Message MessageService.Api.Message::Load(MessageService.Api.SendCommand)
DA:54,0
DA:55,0
DA:56,0
DA:57,0
DA:59,0
DA:60,0
DA:61,0
DA:62,0
DA:64,0
DA:65,0
DA:66,0
DA:67,0
DA:69,0
DA:70,0
DA:71,0
DA:72,0
DA:74,0
DA:75,0
DA:76,0
DA:77,0
DA:79,0
DA:80,0
DA:81,0
DA:82,0
DA:85,0
DA:86,0
FN:24,System.Void MessageService.Api.Message::.ctor(System.String,System.String,System.String,System.String,System.DateTime)
FNDA:0,System.Void MessageService.Api.Message::.ctor(System.String,System.String,System.String,System.String,System.DateTime)
DA:25,0
DA:26,0
DA:27,0
DA:28,0
DA:29,0
DA:30,0
DA:31,0
DA:32,0
FN:38,System.Void MessageService.Api.Message::.ctor(System.String)
FNDA:0,System.Void MessageService.Api.Message::.ctor(System.String)
DA:39,0
DA:40,0
DA:41,0
DA:42,0
FN:43,System.Void MessageService.Api.Message::.ctor(System.String,System.String,System.String)
FNDA:0,System.Void MessageService.Api.Message::.ctor(System.String,System.String,System.String)
DA:44,0
DA:45,0
DA:46,0
DA:47,0
DA:48,0
DA:49,0
DA:50,0
DA:51,0
LF:54
LH:0
BRF:0
BRH:0
FNF:10
FNH:0
end_of_record
SF:/Users/bilalislam/microservices/MessagingService/src/MessageService.Api/Domain/Entities/User.cs
FN:10,MongoDB.Bson.ObjectId MessageService.Api.User::get_Id()
FNDA:0,MongoDB.Bson.ObjectId MessageService.Api.User::get_Id()
DA:11,0
FN:12,System.String MessageService.Api.User::get_Name()
FNDA:0,System.String MessageService.Api.User::get_Name()
DA:13,0
FN:13,System.String MessageService.Api.User::get_Surname()
FNDA:0,System.String MessageService.Api.User::get_Surname()
DA:14,0
FN:14,System.String MessageService.Api.User::get_Email()
FNDA:0,System.String MessageService.Api.User::get_Email()
DA:15,0
FN:15,System.String MessageService.Api.User::get_Password()
FNDA:0,System.String MessageService.Api.User::get_Password()
DA:16,0
FN:16,MessageService.Api.Token MessageService.Api.User::get_Token()
FNDA:0,MessageService.Api.Token MessageService.Api.User::get_Token()
DA:17,0
FN:27,MessageService.Api.User MessageService.Api.User::Load(MessageService.Api.SignUpCommand)
FNDA:0,MessageService.Api.User MessageService.Api.User::Load(MessageService.Api.SignUpCommand)
DA:28,0
DA:29,0
DA:30,0
DA:32,0
DA:33,0
DA:34,0
DA:36,0
DA:37,0
DA:38,0
DA:40,0
DA:41,0
DA:42,0
DA:44,0
DA:45,0
DA:46,0
DA:47,0
DA:49,0
DA:50,0
FN:52,MessageService.Api.User MessageService.Api.User::CreateToken(ITokenProxy)
FNDA:0,MessageService.Api.User MessageService.Api.User::CreateToken(ITokenProxy)
DA:53,0
DA:54,0
DA:55,0
DA:56,0
FN:18,System.Void MessageService.Api.User::.ctor(System.String,System.String,System.String,System.String)
FNDA:0,System.Void MessageService.Api.User::.ctor(System.String,System.String,System.String,System.String)
DA:19,0
DA:20,0
DA:21,0
DA:22,0
DA:23,0
DA:24,0
DA:25,0
LF:35
LH:0
BRF:0
BRH:0
FNF:9
FNH:0
end_of_record
SF:/Users/bilalislam/microservices/MessagingService/src/MessageService.Api/Domain/Handlers/ActivityConsumer.cs
FN:10,System.Void MessageService.Api.ActivityConsumer::.ctor(Microsoft.Extensions.Logging.ILogger`1<MessageService.Api.ActivityConsumer>,MessageService.Api.IActivityRepository)
FNDA:0,System.Void MessageService.Api.ActivityConsumer::.ctor(Microsoft.Extensions.Logging.ILogger`1<MessageService.Api.ActivityConsumer>,MessageService.Api.IActivityRepository)
DA:11,0
DA:12,0
DA:13,0
DA:14,0
DA:15,0
FN:17,System.Void MessageService.Api.ActivityConsumer/<Consume>d__3::MoveNext()
FNDA:0,System.Void MessageService.Api.ActivityConsumer/<Consume>d__3::MoveNext()
DA:18,0
DA:19,0
DA:20,0
DA:21,0
DA:22,0
BRDA:19,60,0,0
BRDA:19,60,1,0
LF:10
LH:0
BRF:2
BRH:0
FNF:2
FNH:0
end_of_record
SF:/Users/bilalislam/microservices/MessagingService/src/MessageService.Api/Domain/Handlers/BlockUserConsumer.cs
FN:9,System.Void MessageService.Api.BlockUserConsumer::.ctor(Microsoft.Extensions.Logging.ILogger`1<MessageService.Api.BlockUserConsumer>,MessageService.Api.IBlockedUserRepository)
FNDA:0,System.Void MessageService.Api.BlockUserConsumer::.ctor(Microsoft.Extensions.Logging.ILogger`1<MessageService.Api.BlockUserConsumer>,MessageService.Api.IBlockedUserRepository)
DA:10,0
DA:11,0
DA:12,0
DA:13,0
DA:14,0
FN:16,System.Void MessageService.Api.BlockUserConsumer/<Consume>d__3::MoveNext()
FNDA:0,System.Void MessageService.Api.BlockUserConsumer/<Consume>d__3::MoveNext()
DA:17,0
DA:18,0
DA:19,0
DA:20,0
DA:21,0
DA:22,0
DA:23,0
DA:24,0
DA:25,0
DA:27,0
DA:28,0
DA:29,0
DA:30,0
DA:31,0
BRDA:18,106,0,0
BRDA:18,106,1,0
BRDA:20,218,0,0
BRDA:22,291,0,0
BRDA:22,291,1,0
BRDA:20,218,1,0
BRDA:28,487,0,0
BRDA:28,487,1,0
LF:19
LH:0
BRF:8
BRH:0
FNF:2
FNH:0
end_of_record
SF:/Users/bilalislam/microservices/MessagingService/src/MessageService.Api/Domain/Handlers/MessageConsumer.cs
FN:11,System.Void MessageService.Api.MessageConsumer::.ctor(Microsoft.Extensions.Logging.ILogger`1<MessageService.Api.MessageConsumer>,MessageService.Api.IMessageRepository,MessageService.Api.IBlockedUserRepository)
FNDA:0,System.Void MessageService.Api.MessageConsumer::.ctor(Microsoft.Extensions.Logging.ILogger`1<MessageService.Api.MessageConsumer>,MessageService.Api.IMessageRepository,MessageService.Api.IBlockedUserRepository)
DA:12,0
DA:13,0
DA:14,0
DA:15,0
DA:16,0
DA:17,0
DA:18,0
FN:25,System.Void MessageService.Api.MessageConsumer/<Consume>d__4::MoveNext()
FNDA:0,System.Void MessageService.Api.MessageConsumer/<Consume>d__4::MoveNext()
DA:26,0
DA:27,0
DA:28,0
DA:29,0
DA:30,0
DA:31,0
DA:32,0
DA:33,0
DA:35,0
DA:36,0
DA:37,0
DA:38,0
DA:39,0
BRDA:26,14,0,0
BRDA:27,92,0,0
BRDA:27,92,1,0
BRDA:29,204,0,0
BRDA:31,256,0,0
BRDA:26,14,1,0
BRDA:31,256,1,0
BRDA:29,204,1,0
LF:20
LH:0
BRF:8
BRH:0
FNF:2
FNH:0
end_of_record
SF:/Users/bilalislam/microservices/MessagingService/src/MessageService.Api/Domain/ValueObjects/Token.cs
FN:6,System.String MessageService.Api.Token::get_AccessToken()
FNDA:0,System.String MessageService.Api.Token::get_AccessToken()
DA:7,0
FN:7,System.DateTime MessageService.Api.Token::get_Expiration()
FNDA:0,System.DateTime MessageService.Api.Token::get_Expiration()
DA:8,0
FN:8,System.String MessageService.Api.Token::get_RefreshToken()
FNDA:0,System.String MessageService.Api.Token::get_RefreshToken()
DA:9,0
FN:9,System.DateTime MessageService.Api.Token::get_RefreshTokenExpiration()
FNDA:0,System.DateTime MessageService.Api.Token::get_RefreshTokenExpiration()
DA:10,0
LF:4
LH:0
BRF:0
BRH:0
FNF:4
FNH:0
end_of_record
SF:/Users/bilalislam/microservices/MessagingService/src/MessageService.Api/v1/UseCases/Account/BlockUser/BlockUserCommand.cs
FN:6,System.String MessageService.Api.BlockUserCommand::get_CurrentUser()
FNDA:0,System.String MessageService.Api.BlockUserCommand::get_CurrentUser()
DA:7,0
FN:7,System.String MessageService.Api.BlockUserCommand::get_BlockedUser()
FNDA:0,System.String MessageService.Api.BlockUserCommand::get_BlockedUser()
DA:8,0
FN:8,System.String MessageService.Api.BlockUserCommand::get_BlockedUserEmail()
FNDA:0,System.String MessageService.Api.BlockUserCommand::get_BlockedUserEmail()
DA:9,0
LF:3
LH:0
BRF:0
BRH:0
FNF:3
FNH:0
end_of_record
SF:/Users/bilalislam/microservices/MessagingService/src/MessageService.Api/v1/UseCases/Account/BlockUser/BlockUserCommandHandler.cs
FN:11,System.Void MessageService.Api.BlockUserCommandHandler::.ctor(MassTransit.ISendEndpointProvider,MessageService.Api.IUserRepository)
FNDA:0,System.Void MessageService.Api.BlockUserCommandHandler::.ctor(MassTransit.ISendEndpointProvider,MessageService.Api.IUserRepository)
DA:12,0
DA:13,0
DA:14,0
DA:15,0
DA:16,0
FN:18,System.Void MessageService.Api.BlockUserCommandHandler/<Handle>d__3::MoveNext()
FNDA:0,System.Void MessageService.Api.BlockUserCommandHandler/<Handle>d__3::MoveNext()
DA:19,0
DA:20,0
DA:21,0
DA:22,0
DA:23,0
DA:24,0
DA:25,0
DA:26,0
DA:27,0
DA:28,0
DA:29,0
DA:30,0
DA:31,0
DA:32,0
DA:33,0
DA:34,0
DA:35,0
DA:36,0
DA:37,0
DA:38,0
DA:41,0
DA:42,0
DA:43,0
DA:44,0
DA:45,0
DA:46,0
DA:47,0
DA:48,0
DA:49,0
DA:50,0
BRDA:20,97,0,0
BRDA:20,97,1,0
BRDA:22,211,0,0
BRDA:22,211,1,0
BRDA:42,375,0,0
BRDA:42,375,1,0
BRDA:43,515,0,0
BRDA:43,515,1,0
LF:35
LH:0
BRF:8
BRH:0
FNF:2
FNH:0
end_of_record
SF:/Users/bilalislam/microservices/MessagingService/src/MessageService.Api/v1/UseCases/Account/GetActivities/GetActivitiesCommand.cs
FN:6,System.String MessageService.Api.GetActivitiesCommand::get_Email()
FNDA:0,System.String MessageService.Api.GetActivitiesCommand::get_Email()
DA:7,0
LF:1
LH:0
BRF:0
BRH:0
FNF:1
FNH:0
end_of_record
SF:/Users/bilalislam/microservices/MessagingService/src/MessageService.Api/v1/UseCases/Account/GetActivities/GetActivitiesCommandHandler.cs
FN:8,System.Void MessageService.Api.GetActivitiesCommandHandler::.ctor(MessageService.Api.IActivityRepository)
FNDA:0,System.Void MessageService.Api.GetActivitiesCommandHandler::.ctor(MessageService.Api.IActivityRepository)
DA:9,0
DA:10,0
DA:11,0
DA:12,0
FN:30,MessageService.Api.ActivityDto MessageService.Api.GetActivitiesCommandHandler/<>c::<Handle>b__2_0(MessageService.Api.Activity)
FNDA:0,MessageService.Api.ActivityDto MessageService.Api.GetActivitiesCommandHandler/<>c::<Handle>b__2_0(MessageService.Api.Activity)
DA:31,0
DA:32,0
DA:33,0
DA:34,0
DA:35,0
DA:36,0
FN:15,System.Void MessageService.Api.GetActivitiesCommandHandler/<Handle>d__2::MoveNext()
FNDA:0,System.Void MessageService.Api.GetActivitiesCommandHandler/<Handle>d__2::MoveNext()
DA:16,0
DA:17,0
DA:18,0
DA:19,0
DA:20,0
DA:21,0
DA:22,0
DA:23,0
DA:24,0
DA:25,0
DA:28,0
DA:29,0
DA:30,0
DA:37,0
DA:38,0
DA:39,0
BRDA:17,61,0,0
BRDA:17,61,1,0
BRDA:18,180,0,0
BRDA:18,180,1,0
BRDA:28,245,0,0
BRDA:28,245,1,0
LF:26
LH:0
BRF:6
BRH:0
FNF:3
FNH:0
end_of_record
SF:/Users/bilalislam/microservices/MessagingService/src/MessageService.Api/v1/UseCases/Account/GetUsers/GetUsersCommandHandler.cs
FN:9,System.Void MessageService.Api.GetUsersCommandHandler::.ctor(MessageService.Api.IUserRepository)
FNDA:0,System.Void MessageService.Api.GetUsersCommandHandler::.ctor(MessageService.Api.IUserRepository)
DA:10,0
DA:11,0
DA:12,0
DA:13,0
FN:30,MessageService.Api.Controllers.UseCases.Account.GetUsers.UserDto MessageService.Api.GetUsersCommandHandler/<>c::<Handle>b__2_0(MessageService.Api.User)
FNDA:0,MessageService.Api.Controllers.UseCases.Account.GetUsers.UserDto MessageService.Api.GetUsersCommandHandler/<>c::<Handle>b__2_0(MessageService.Api.User)
DA:31,0
FN:15,System.Void MessageService.Api.GetUsersCommandHandler/<Handle>d__2::MoveNext()
FNDA:0,System.Void MessageService.Api.GetUsersCommandHandler/<Handle>d__2::MoveNext()
DA:16,0
DA:17,0
DA:18,0
DA:19,0
DA:20,0
DA:21,0
DA:22,0
DA:23,0
DA:24,0
DA:25,0
DA:28,0
DA:29,0
DA:30,0
DA:32,0
DA:33,0
DA:34,0
DA:35,0
BRDA:17,50,0,0
BRDA:17,50,1,0
BRDA:18,169,0,0
BRDA:18,169,1,0
BRDA:28,234,0,0
BRDA:28,234,1,0
LF:22
LH:0
BRF:6
BRH:0
FNF:3
FNH:0
end_of_record
SF:/Users/bilalislam/microservices/MessagingService/src/MessageService.Api/v1/UseCases/Account/RefreshToken/RefreshTokenCommand.cs
FN:6,System.String MessageService.Api.RefreshTokenCommand::get_Email()
FNDA:0,System.String MessageService.Api.RefreshTokenCommand::get_Email()
DA:7,0
FN:7,System.String MessageService.Api.RefreshTokenCommand::get_RefreshToken()
FNDA:0,System.String MessageService.Api.RefreshTokenCommand::get_RefreshToken()
DA:8,0
LF:2
LH:0
BRF:0
BRH:0
FNF:2
FNH:0
end_of_record
SF:/Users/bilalislam/microservices/MessagingService/src/MessageService.Api/v1/UseCases/Account/RefreshToken/RefreshTokenCommandHandler.cs
FN:9,System.Void MessageService.Api.RefreshTokenCommandHandler::.ctor(MessageService.Api.IUserRepository,ITokenProxy)
FNDA:0,System.Void MessageService.Api.RefreshTokenCommandHandler::.ctor(MessageService.Api.IUserRepository,ITokenProxy)
DA:10,0
DA:11,0
DA:12,0
DA:13,0
DA:14,0
FN:17,System.Void MessageService.Api.RefreshTokenCommandHandler/<Handle>d__3::MoveNext()
FNDA:0,System.Void MessageService.Api.RefreshTokenCommandHandler/<Handle>d__3::MoveNext()
DA:18,0
DA:19,0
DA:20,0
DA:21,0
DA:22,0
DA:23,0
DA:24,0
DA:26,0
DA:27,0
DA:28,0
DA:29,0
DA:30,0
DA:31,0
DA:32,0
DA:35,0
DA:36,0
DA:37,0
DA:38,0
DA:39,0
DA:40,0
DA:41,0
BRDA:18,14,0,0
BRDA:19,72,0,0
BRDA:19,72,1,0
BRDA:20,179,0,0
BRDA:20,213,0,0
BRDA:20,179,1,0
BRDA:20,213,1,0
BRDA:20,257,0,0
BRDA:24,328,0,0
BRDA:18,14,1,0
BRDA:24,328,1,0
BRDA:20,257,1,0
LF:26
LH:0
BRF:12
BRH:0
FNF:2
FNH:0
end_of_record
SF:/Users/bilalislam/microservices/MessagingService/src/MessageService.Api/v1/UseCases/Account/SignIn/SignInCommand.cs
FN:6,System.String MessageService.Api.SignInCommand::get_Email()
FNDA:0,System.String MessageService.Api.SignInCommand::get_Email()
DA:7,0
FN:7,System.String MessageService.Api.SignInCommand::get_Password()
FNDA:0,System.String MessageService.Api.SignInCommand::get_Password()
DA:8,0
FN:12,System.String MessageService.Api.ActivityCommand::get_Id()
FNDA:0,System.String MessageService.Api.ActivityCommand::get_Id()
DA:13,0
FN:13,System.String MessageService.Api.ActivityCommand::get_Email()
FNDA:0,System.String MessageService.Api.ActivityCommand::get_Email()
DA:14,0
FN:14,System.String MessageService.Api.ActivityCommand::get_Event()
FNDA:0,System.String MessageService.Api.ActivityCommand::get_Event()
DA:15,0
FN:15,System.DateTime MessageService.Api.ActivityCommand::get_EventOn()
FNDA:0,System.DateTime MessageService.Api.ActivityCommand::get_EventOn()
DA:16,0
LF:6
LH:0
BRF:0
BRH:0
FNF:6
FNH:0
end_of_record
SF:/Users/bilalislam/microservices/MessagingService/src/MessageService.Api/v1/UseCases/Account/SignIn/SignInCommandHandler.cs
FN:12,System.Void MessageService.Api.SignInCommandHandler::.ctor(MessageService.Api.IUserRepository,ITokenProxy,MassTransit.ISendEndpointProvider)
FNDA:0,System.Void MessageService.Api.SignInCommandHandler::.ctor(MessageService.Api.IUserRepository,ITokenProxy,MassTransit.ISendEndpointProvider)
DA:13,0
DA:14,0
DA:15,0
DA:16,0
DA:17,0
DA:18,0
DA:19,0
FN:63,System.Void MessageService.Api.SignInCommandHandler/<CreateActivityLog>d__5::MoveNext()
FNDA:0,System.Void MessageService.Api.SignInCommandHandler/<CreateActivityLog>d__5::MoveNext()
DA:64,0
DA:65,0
DA:66,0
DA:67,0
DA:68,0
DA:69,0
DA:70,0
DA:71,0
DA:72,0
DA:73,0
BRDA:64,14,0,0
BRDA:65,65,0,0
BRDA:65,65,1,0
BRDA:66,275,0,0
BRDA:64,14,1,0
BRDA:66,275,1,0
FN:22,System.Void MessageService.Api.SignInCommandHandler/<Handle>d__4::MoveNext()
FNDA:0,System.Void MessageService.Api.SignInCommandHandler/<Handle>d__4::MoveNext()
DA:23,0
DA:24,0
DA:25,0
DA:26,0
DA:27,0
DA:28,0
DA:29,0
DA:30,0
DA:31,0
DA:33,0
DA:34,0
DA:35,0
DA:36,0
DA:37,0
DA:38,0
DA:39,0
DA:42,0
DA:43,0
DA:44,0
DA:45,0
DA:46,0
DA:47,0
DA:48,0
DA:49,0
DA:53,0
DA:54,0
DA:55,0
DA:56,0
DA:57,0
DA:58,0
DA:59,0
DA:61,0
BRDA:24,95,0,0
BRDA:24,95,1,0
BRDA:25,209,0,0
BRDA:27,246,0,0
BRDA:30,317,0,0
BRDA:30,317,1,0
BRDA:31,437,0,0
BRDA:31,437,1,0
BRDA:27,246,1,0
BRDA:43,615,0,0
BRDA:43,615,1,0
BRDA:25,209,1,0
LF:49
LH:0
BRF:18
BRH:0
FNF:3
FNH:0
end_of_record
SF:/Users/bilalislam/microservices/MessagingService/src/MessageService.Api/v1/UseCases/Account/SignUp/SignUpCommand.cs
FN:7,System.String MessageService.Api.SignUpCommand::get_Name()
FNDA:0,System.String MessageService.Api.SignUpCommand::get_Name()
DA:8,0
FN:8,System.String MessageService.Api.SignUpCommand::get_Surname()
FNDA:0,System.String MessageService.Api.SignUpCommand::get_Surname()
DA:9,0
FN:9,System.String MessageService.Api.SignUpCommand::get_Email()
FNDA:0,System.String MessageService.Api.SignUpCommand::get_Email()
DA:10,0
FN:10,System.String MessageService.Api.SignUpCommand::get_Password()
FNDA:0,System.String MessageService.Api.SignUpCommand::get_Password()
DA:11,0
LF:4
LH:0
BRF:0
BRH:0
FNF:4
FNH:0
end_of_record
SF:/Users/bilalislam/microservices/MessagingService/src/MessageService.Api/v1/UseCases/Account/SignUp/SignUpCommandHandler.cs
FN:9,System.Void MessageService.Api.SignUpCommandHandler::.ctor(MessageService.Api.IUserRepository)
FNDA:0,System.Void MessageService.Api.SignUpCommandHandler::.ctor(MessageService.Api.IUserRepository)
DA:10,0
DA:11,0
DA:12,0
DA:13,0
FN:15,System.Void MessageService.Api.SignUpCommandHandler/<Handle>d__2::MoveNext()
FNDA:0,System.Void MessageService.Api.SignUpCommandHandler/<Handle>d__2::MoveNext()
DA:16,0
DA:17,0
DA:18,0
DA:19,0
DA:20,0
DA:21,0
DA:22,0
DA:23,0
DA:24,0
DA:25,0
DA:26,0
DA:27,0
DA:28,0
DA:29,0
DA:30,0
DA:31,0
DA:32,0
DA:33,0
DA:34,0
DA:35,0
DA:38,0
DA:40,0
DA:41,0
DA:42,0
DA:43,0
DA:44,0
DA:45,0
DA:46,0
BRDA:16,14,0,0
BRDA:18,89,0,0
BRDA:18,89,1,0
BRDA:19,203,0,0
BRDA:19,203,1,0
BRDA:38,352,0,0
BRDA:16,14,1,0
BRDA:38,352,1,0
LF:32
LH:0
BRF:8
BRH:0
FNF:2
FNH:0
end_of_record
SF:/Users/bilalislam/microservices/MessagingService/src/MessageService.Api/v1/UseCases/Message/GetHistories/GetHistoriesCommandHandler.cs
FN:8,System.Void MessageService.Api.GetHistoriesCommandHandler::.ctor(MessageService.Api.IMessageRepository)
FNDA:0,System.Void MessageService.Api.GetHistoriesCommandHandler::.ctor(MessageService.Api.IMessageRepository)
DA:9,0
DA:10,0
DA:11,0
DA:12,0
FN:21,MessageService.Api.MessageDto MessageService.Api.GetHistoriesCommandHandler/<>c::<Handle>b__2_0(MessageService.Api.Message)
FNDA:0,MessageService.Api.MessageDto MessageService.Api.GetHistoriesCommandHandler/<>c::<Handle>b__2_0(MessageService.Api.Message)
DA:22,0
DA:23,0
DA:24,0
DA:25,0
DA:26,0
DA:27,0
FN:15,System.Void MessageService.Api.GetHistoriesCommandHandler/<Handle>d__2::MoveNext()
FNDA:0,System.Void MessageService.Api.GetHistoriesCommandHandler/<Handle>d__2::MoveNext()
DA:16,0
DA:17,0
DA:18,0
DA:20,0
DA:21,0
DA:28,0
DA:29,0
DA:30,0
DA:31,0
DA:32,0
BRDA:17,72,0,0
BRDA:17,72,1,0
BRDA:20,191,0,0
BRDA:20,191,1,0
LF:20
LH:0
BRF:4
BRH:0
FNF:3
FNH:0
end_of_record
SF:/Users/bilalislam/microservices/MessagingService/src/MessageService.Api/v1/UseCases/Message/GetMessageUsers/GetMessagedUsersCommandHandler.cs
FN:8,System.Void MessageService.Api.GetMessagedUsersCommandHandler::.ctor(MessageService.Api.IMessageRepository)
FNDA:0,System.Void MessageService.Api.GetMessagedUsersCommandHandler::.ctor(MessageService.Api.IMessageRepository)
DA:9,0
DA:10,0
DA:11,0
DA:12,0
FN:21,MessageService.Api.MessageUserDto MessageService.Api.GetMessagedUsersCommandHandler/<>c::<Handle>b__2_0(MessageService.Api.Message)
FNDA:0,MessageService.Api.MessageUserDto MessageService.Api.GetMessagedUsersCommandHandler/<>c::<Handle>b__2_0(MessageService.Api.Message)
DA:22,0
DA:23,0
DA:24,0
DA:25,0
FN:15,System.Void MessageService.Api.GetMessagedUsersCommandHandler/<Handle>d__2::MoveNext()
FNDA:0,System.Void MessageService.Api.GetMessagedUsersCommandHandler/<Handle>d__2::MoveNext()
DA:16,0
DA:17,0
DA:18,0
DA:19,0
DA:20,0
DA:21,0
DA:26,0
DA:27,0
DA:28,0
BRDA:17,61,0,0
BRDA:17,61,1,0
BRDA:18,200,0,0
BRDA:18,200,1,0
LF:17
LH:0
BRF:4
BRH:0
FNF:3
FNH:0
end_of_record
SF:/Users/bilalislam/microservices/MessagingService/src/MessageService.Api/v1/UseCases/Message/GetMessageUsers/GetMessageUsersCommand.cs
FN:6,System.String MessageService.Api.GetMessageUsersCommand::get_CurrentUser()
FNDA:0,System.String MessageService.Api.GetMessageUsersCommand::get_CurrentUser()
DA:7,0
LF:1
LH:0
BRF:0
BRH:0
FNF:1
FNH:0
end_of_record
SF:/Users/bilalislam/microservices/MessagingService/src/MessageService.Api/v1/UseCases/Message/Send/SendCommand.cs
FN:6,System.String MessageService.Api.SendCommand::get_Sender()
FNDA:0,System.String MessageService.Api.SendCommand::get_Sender()
DA:7,0
FN:7,System.String MessageService.Api.SendCommand::get_Receiver()
FNDA:0,System.String MessageService.Api.SendCommand::get_Receiver()
DA:8,0
FN:8,System.String MessageService.Api.SendCommand::get_ReceiverEmail()
FNDA:0,System.String MessageService.Api.SendCommand::get_ReceiverEmail()
DA:9,0
FN:9,System.String MessageService.Api.SendCommand::get_Message()
FNDA:0,System.String MessageService.Api.SendCommand::get_Message()
DA:10,0
LF:4
LH:0
BRF:0
BRH:0
FNF:4
FNH:0
end_of_record
SF:/Users/bilalislam/microservices/MessagingService/src/MessageService.Api/v1/UseCases/Message/Send/SendCommandHandler.cs
FN:11,System.Void MessageService.Api.SendCommandHandler::.ctor(MassTransit.ISendEndpointProvider,MessageService.Api.IUserRepository)
FNDA:0,System.Void MessageService.Api.SendCommandHandler::.ctor(MassTransit.ISendEndpointProvider,MessageService.Api.IUserRepository)
DA:12,0
DA:13,0
DA:14,0
DA:15,0
DA:16,0
FN:18,System.Void MessageService.Api.SendCommandHandler/<Handle>d__3::MoveNext()
FNDA:0,System.Void MessageService.Api.SendCommandHandler/<Handle>d__3::MoveNext()
DA:19,0
DA:20,0
DA:21,0
DA:23,0
DA:24,0
DA:25,0
DA:26,0
DA:27,0
DA:28,0
DA:29,0
DA:30,0
DA:31,0
DA:32,0
DA:33,0
DA:34,0
DA:35,0
DA:36,0
DA:37,0
DA:38,0
DA:39,0
DA:42,0
DA:43,0
DA:44,0
DA:45,0
DA:46,0
DA:47,0
DA:48,0
DA:49,0
DA:50,0
DA:51,0
BRDA:20,97,0,0
BRDA:20,97,1,0
BRDA:23,211,0,0
BRDA:23,211,1,0
BRDA:43,375,0,0
BRDA:43,375,1,0
BRDA:44,515,0,0
BRDA:44,515,1,0
LF:35
LH:0
BRF:8
BRH:0
FNF:2
FNH:0
end_of_record